# JRE version: Java(TM) SE Runtime Environment (8.0_111-b14) (build 1.8.0_111-b14)
# Java VM: Java HotSpot(TM) 64-Bit Server VM (25.111-b14 mixed mode linux-amd64 compressed oops)
Heap:
 PSYoungGen      total 232960K, used 56339K [0x00000000eab00000, 0x0000000100000000, 0x0000000100000000)
  eden space 116736K, 0% used [0x00000000eab00000,0x00000000eab00000,0x00000000f1d00000)
  from space 116224K, 48% used [0x00000000f1d00000,0x00000000f5404df0,0x00000000f8e80000)
  to   space 116224K, 0% used [0x00000000f8e80000,0x00000000f8e80000,0x0000000100000000)
 ParOldGen       total 278528K, used 278479K [0x00000000c0000000, 0x00000000d1000000, 0x00000000eab00000)
  object space 278528K, 99% used [0x00000000c0000000,0x00000000d0ff3fd8,0x00000000d1000000)
 Metaspace       used 6699K, capacity 7320K, committed 7680K, reserved 1056768K
  class space    used 634K, capacity 656K, committed 768K, reserved 1048576K
GC Heap History (10 events):
Event: 9.142 GC heap after
Heap after GC invocations=15 (full 2):
 PSYoungGen      total 252416K, used 85470K [0x00000000eab00000, 0x0000000100000000, 0x0000000100000000)
  eden space 166912K, 0% used [0x00000000eab00000,0x00000000eab00000,0x00000000f4e00000)
  from space 85504K, 99% used [0x00000000f4e00000,0x00000000fa1779a8,0x00000000fa180000)
  to   space 96768K, 0% used [0x00000000fa180000,0x00000000fa180000,0x0000000100000000)
 ParOldGen       total 278528K, used 168977K [0x00000000c0000000, 0x00000000d1000000, 0x00000000eab00000)
  object space 278528K, 60% used [0x00000000c0000000,0x00000000ca504490,0x00000000d1000000)
 Metaspace       used 6687K, capacity 7320K, committed 7680K, reserved 1056768K
  class space    used 634K, capacity 656K, committed 768K, reserved 1048576K
}
Event: 9.655 GC heap before
{Heap before GC invocations=16 (full 2):
 PSYoungGen      total 252416K, used 252382K [0x00000000eab00000, 0x0000000100000000, 0x0000000100000000)
  eden space 166912K, 100% used [0x00000000eab00000,0x00000000f4e00000,0x00000000f4e00000)
  from space 85504K, 99% used [0x00000000f4e00000,0x00000000fa1779a8,0x00000000fa180000)
  to   space 96768K, 0% used [0x00000000fa180000,0x00000000fa180000,0x0000000100000000)
 ParOldGen       total 278528K, used 168981K [0x00000000c0000000, 0x00000000d1000000, 0x00000000eab00000)
  object space 278528K, 60% used [0x00000000c0000000,0x00000000ca505428,0x00000000d1000000)
 Metaspace       used 6693K, capacity 7320K, committed 7680K, reserved 1056768K
  class space    used 634K, capacity 656K, committed 768K, reserved 1048576K
Event: 9.786 GC heap after
Heap after GC invocations=16 (full 2):
 PSYoungGen      total 213504K, used 96739K [0x00000000eab00000, 0x0000000100000000, 0x0000000100000000)
  eden space 116736K, 0% used [0x00000000eab00000,0x00000000eab00000,0x00000000f1d00000)
  from space 96768K, 99% used [0x00000000fa180000,0x00000000ffff8da0,0x0000000100000000)
  to   space 116224K, 0% used [0x00000000f1d00000,0x00000000f1d00000,0x00000000f8e80000)
 ParOldGen       total 278528K, used 181181K [0x00000000c0000000, 0x00000000d1000000, 0x00000000eab00000)
  object space 278528K, 65% used [0x00000000c0000000,0x00000000cb0ef558,0x00000000d1000000)
 Metaspace       used 6693K, capacity 7320K, committed 7680K, reserved 1056768K
  class space    used 634K, capacity 656K, committed 768K, reserved 1048576K
}
Event: 10.139 GC heap before
{Heap before GC invocations=17 (full 2):
 PSYoungGen      total 213504K, used 213475K [0x00000000eab00000, 0x0000000100000000, 0x0000000100000000)
  eden space 116736K, 100% used [0x00000000eab00000,0x00000000f1d00000,0x00000000f1d00000)
  from space 96768K, 99% used [0x00000000fa180000,0x00000000ffff8da0,0x0000000100000000)
  to   space 116224K, 0% used [0x00000000f1d00000,0x00000000f1d00000,0x00000000f8e80000)
 ParOldGen       total 278528K, used 181181K [0x00000000c0000000, 0x00000000d1000000, 0x00000000eab00000)
  object space 278528K, 65% used [0x00000000c0000000,0x00000000cb0ef558,0x00000000d1000000)
 Metaspace       used 6694K, capacity 7320K, committed 7680K, reserved 1056768K
  class space    used 634K, capacity 656K, committed 768K, reserved 1048576K
Event: 10.276 GC heap after
Heap after GC invocations=17 (full 2):
 PSYoungGen      total 232960K, used 110358K [0x00000000eab00000, 0x0000000100000000, 0x0000000100000000)
  eden space 116736K, 0% used [0x00000000eab00000,0x00000000eab00000,0x00000000f1d00000)
  from space 116224K, 94% used [0x00000000f1d00000,0x00000000f88c5808,0x00000000f8e80000)
  to   space 116224K, 0% used [0x00000000f8e80000,0x00000000f8e80000,0x0000000100000000)
 ParOldGen       total 278528K, used 189446K [0x00000000c0000000, 0x00000000d1000000, 0x00000000eab00000)
  object space 278528K, 68% used [0x00000000c0000000,0x00000000cb9019b0,0x00000000d1000000)
 Metaspace       used 6694K, capacity 7320K, committed 7680K, reserved 1056768K
  class space    used 634K, capacity 656K, committed 768K, reserved 1048576K
}
Event: 10.604 GC heap before
{Heap before GC invocations=18 (full 2):
 PSYoungGen      total 232960K, used 227094K [0x00000000eab00000, 0x0000000100000000, 0x0000000100000000)
  eden space 116736K, 100% used [0x00000000eab00000,0x00000000f1d00000,0x00000000f1d00000)
  from space 116224K, 94% used [0x00000000f1d00000,0x00000000f88c5808,0x00000000f8e80000)
  to   space 116224K, 0% used [0x00000000f8e80000,0x00000000f8e80000,0x0000000100000000)
 ParOldGen       total 278528K, used 189446K [0x00000000c0000000, 0x00000000d1000000, 0x00000000eab00000)
  object space 278528K, 68% used [0x00000000c0000000,0x00000000cb9019b0,0x00000000d1000000)
 Metaspace       used 6696K, capacity 7320K, committed 7680K, reserved 1056768K
  class space    used 634K, capacity 656K, committed 768K, reserved 1048576K
Event: 10.791 GC heap after
Heap after GC invocations=18 (full 2):
 PSYoungGen      total 232960K, used 86509K [0x00000000eab00000, 0x0000000100000000, 0x0000000100000000)
  eden space 116736K, 0% used [0x00000000eab00000,0x00000000eab00000,0x00000000f1d00000)
  from space 116224K, 74% used [0x00000000f8e80000,0x00000000fe2fb718,0x0000000100000000)
  to   space 116224K, 0% used [0x00000000f1d00000,0x00000000f1d00000,0x00000000f8e80000)
 ParOldGen       total 278528K, used 233428K [0x00000000c0000000, 0x00000000d1000000, 0x00000000eab00000)
  object space 278528K, 83% used [0x00000000c0000000,0x00000000ce3f5238,0x00000000d1000000)
 Metaspace       used 6696K, capacity 7320K, committed 7680K, reserved 1056768K
  class space    used 634K, capacity 656K, committed 768K, reserved 1048576K
}
Event: 11.120 GC heap before
{Heap before GC invocations=19 (full 2):
 PSYoungGen      total 232960K, used 203245K [0x00000000eab00000, 0x0000000100000000, 0x0000000100000000)
  eden space 116736K, 100% used [0x00000000eab00000,0x00000000f1d00000,0x00000000f1d00000)
  from space 116224K, 74% used [0x00000000f8e80000,0x00000000fe2fb718,0x0000000100000000)
  to   space 116224K, 0% used [0x00000000f1d00000,0x00000000f1d00000,0x00000000f8e80000)
 ParOldGen       total 278528K, used 233428K [0x00000000c0000000, 0x00000000d1000000, 0x00000000eab00000)
  object space 278528K, 83% used [0x00000000c0000000,0x00000000ce3f5238,0x00000000d1000000)
 Metaspace       used 6699K, capacity 7320K, committed 7680K, reserved 1056768K
  class space    used 634K, capacity 656K, committed 768K, reserved 1048576K
Event: 11.284 GC heap after
Heap after GC invocations=19 (full 2):
 PSYoungGen      total 232960K, used 56339K [0x00000000eab00000, 0x0000000100000000, 0x0000000100000000)
  eden space 116736K, 0% used [0x00000000eab00000,0x00000000eab00000,0x00000000f1d00000)
  from space 116224K, 48% used [0x00000000f1d00000,0x00000000f5404df0,0x00000000f8e80000)
  to   space 116224K, 0% used [0x00000000f8e80000,0x00000000f8e80000,0x0000000100000000)
 ParOldGen       total 278528K, used 278479K [0x00000000c0000000, 0x00000000d1000000, 0x00000000eab00000)
  object space 278528K, 99% used [0x00000000c0000000,0x00000000d0ff3fd8,0x00000000d1000000)
 Metaspace       used 6699K, capacity 7320K, committed 7680K, reserved 1056768K
  class space    used 634K, capacity 656K, committed 768K, reserved 1048576K
}
Event: 11.284 GC heap before
{Heap before GC invocations=20 (full 3):
 PSYoungGen      total 232960K, used 56339K [0x00000000eab00000, 0x0000000100000000, 0x0000000100000000)
  eden space 116736K, 0% used [0x00000000eab00000,0x00000000eab00000,0x00000000f1d00000)
  from space 116224K, 48% used [0x00000000f1d00000,0x00000000f5404df0,0x00000000f8e80000)
  to   space 116224K, 0% used [0x00000000f8e80000,0x00000000f8e80000,0x0000000100000000)
 ParOldGen       total 278528K, used 278479K [0x00000000c0000000, 0x00000000d1000000, 0x00000000eab00000)
  object space 278528K, 99% used [0x00000000c0000000,0x00000000d0ff3fd8,0x00000000d1000000)
 Metaspace       used 6699K, capacity 7320K, committed 7680K, reserved 1056768K
  class space    used 634K, capacity 656K, committed 768K, reserved 1048576K

