# JRE version: Java(TM) SE Runtime Environment (8.0_111-b14) (build 1.8.0_111-b14)
# Java VM: Java HotSpot(TM) 64-Bit Server VM (25.111-b14 mixed mode linux-amd64 compressed oops)
Heap:
 PSYoungGen      total 489472K, used 60391K [0x000000076ab00000, 0x000000079a100000, 0x00000007c0000000)
  eden space 429056K, 0% used [0x000000076ab00000,0x000000076ab00000,0x0000000784e00000)
  from space 60416K, 99% used [0x000000078b280000,0x000000078ed79fb8,0x000000078ed80000)
  to   space 102912K, 0% used [0x0000000784e00000,0x0000000784e00000,0x000000078b280000)
 ParOldGen       total 168448K, used 168359K [0x00000006c0000000, 0x00000006ca480000, 0x000000076ab00000)
  object space 168448K, 99% used [0x00000006c0000000,0x00000006ca469ed8,0x00000006ca480000)
 Metaspace       used 6672K, capacity 7320K, committed 7680K, reserved 1056768K
  class space    used 635K, capacity 656K, committed 768K, reserved 1048576K
GC Heap History (10 events):
Event: 3.516 GC heap after
Heap after GC invocations=7 (full 0):
 PSYoungGen      total 280064K, used 30204K [0x000000076ab00000, 0x000000078f500000, 0x00000007c0000000)
  eden space 249856K, 0% used [0x000000076ab00000,0x000000076ab00000,0x0000000779f00000)
  from space 30208K, 99% used [0x0000000779f00000,0x000000077bc7f298,0x000000077bc80000)
  to   space 50176K, 0% used [0x000000078c400000,0x000000078c400000,0x000000078f500000)
 ParOldGen       total 84992K, used 59837K [0x00000006c0000000, 0x00000006c5300000, 0x000000076ab00000)
  object space 84992K, 70% used [0x00000006c0000000,0x00000006c3a6f748,0x00000006c5300000)
 Metaspace       used 6565K, capacity 7256K, committed 7424K, reserved 1056768K
  class space    used 634K, capacity 656K, committed 768K, reserved 1048576K
}
Event: 3.516 GC heap before
{Heap before GC invocations=8 (full 1):
 PSYoungGen      total 280064K, used 30204K [0x000000076ab00000, 0x000000078f500000, 0x00000007c0000000)
  eden space 249856K, 0% used [0x000000076ab00000,0x000000076ab00000,0x0000000779f00000)
  from space 30208K, 99% used [0x0000000779f00000,0x000000077bc7f298,0x000000077bc80000)
  to   space 50176K, 0% used [0x000000078c400000,0x000000078c400000,0x000000078f500000)
 ParOldGen       total 84992K, used 59837K [0x00000006c0000000, 0x00000006c5300000, 0x000000076ab00000)
  object space 84992K, 70% used [0x00000006c0000000,0x00000006c3a6f748,0x00000006c5300000)
 Metaspace       used 6565K, capacity 7256K, committed 7424K, reserved 1056768K
  class space    used 634K, capacity 656K, committed 768K, reserved 1048576K
Event: 3.949 GC heap after
Heap after GC invocations=8 (full 1):
 PSYoungGen      total 280064K, used 2041K [0x000000076ab00000, 0x000000078f500000, 0x00000007c0000000)
  eden space 249856K, 0% used [0x000000076ab00000,0x000000076ab00000,0x0000000779f00000)
  from space 30208K, 6% used [0x0000000779f00000,0x000000077a0fe6d8,0x000000077bc80000)
  to   space 50176K, 0% used [0x000000078c400000,0x000000078c400000,0x000000078f500000)
 ParOldGen       total 162816K, used 84805K [0x00000006c0000000, 0x00000006c9f00000, 0x000000076ab00000)
  object space 162816K, 52% used [0x00000006c0000000,0x00000006c52d14f0,0x00000006c9f00000)
 Metaspace       used 6565K, capacity 7256K, committed 7424K, reserved 1056768K
  class space    used 634K, capacity 656K, committed 768K, reserved 1048576K
}
Event: 4.808 GC heap before
{Heap before GC invocations=9 (full 1):
 PSYoungGen      total 280064K, used 251897K [0x000000076ab00000, 0x000000078f500000, 0x00000007c0000000)
  eden space 249856K, 100% used [0x000000076ab00000,0x0000000779f00000,0x0000000779f00000)
  from space 30208K, 6% used [0x0000000779f00000,0x000000077a0fe6d8,0x000000077bc80000)
  to   space 50176K, 0% used [0x000000078c400000,0x000000078c400000,0x000000078f500000)
 ParOldGen       total 162816K, used 84805K [0x00000006c0000000, 0x00000006c9f00000, 0x000000076ab00000)
  object space 162816K, 52% used [0x00000006c0000000,0x00000006c52d14f0,0x00000006c9f00000)
 Metaspace       used 6642K, capacity 7256K, committed 7424K, reserved 1056768K
  class space    used 634K, capacity 656K, committed 768K, reserved 1048576K
Event: 4.896 GC heap after
Heap after GC invocations=9 (full 1):
 PSYoungGen      total 387584K, used 35538K [0x000000076ab00000, 0x000000078e700000, 0x00000007c0000000)
  eden space 351744K, 0% used [0x000000076ab00000,0x000000076ab00000,0x0000000780280000)
  from space 35840K, 99% used [0x000000078c400000,0x000000078e6b4bc8,0x000000078e700000)
  to   space 53760K, 0% used [0x0000000787e00000,0x0000000787e00000,0x000000078b280000)
 ParOldGen       total 162816K, used 84805K [0x00000006c0000000, 0x00000006c9f00000, 0x000000076ab00000)
  object space 162816K, 52% used [0x00000006c0000000,0x00000006c52d14f0,0x00000006c9f00000)
 Metaspace       used 6642K, capacity 7256K, committed 7424K, reserved 1056768K
  class space    used 634K, capacity 656K, committed 768K, reserved 1048576K
}
Event: 5.802 GC heap before
{Heap before GC invocations=10 (full 1):
 PSYoungGen      total 387584K, used 387282K [0x000000076ab00000, 0x000000078e700000, 0x00000007c0000000)
  eden space 351744K, 100% used [0x000000076ab00000,0x0000000780280000,0x0000000780280000)
  from space 35840K, 99% used [0x000000078c400000,0x000000078e6b4bc8,0x000000078e700000)
  to   space 53760K, 0% used [0x0000000787e00000,0x0000000787e00000,0x000000078b280000)
 ParOldGen       total 162816K, used 84805K [0x00000006c0000000, 0x00000006c9f00000, 0x000000076ab00000)
  object space 162816K, 52% used [0x00000006c0000000,0x00000006c52d14f0,0x00000006c9f00000)
 Metaspace       used 6664K, capacity 7320K, committed 7680K, reserved 1056768K
  class space    used 635K, capacity 656K, committed 768K, reserved 1048576K
Event: 5.931 GC heap after
Heap after GC invocations=10 (full 1):
 PSYoungGen      total 499712K, used 53740K [0x000000076ab00000, 0x000000078ed80000, 0x00000007c0000000)
  eden space 445952K, 0% used [0x000000076ab00000,0x000000076ab00000,0x0000000785e80000)
  from space 53760K, 99% used [0x0000000787e00000,0x000000078b27b028,0x000000078b280000)
  to   space 60416K, 0% used [0x000000078b280000,0x000000078b280000,0x000000078ed80000)
 ParOldGen       total 162816K, used 109251K [0x00000006c0000000, 0x00000006c9f00000, 0x000000076ab00000)
  object space 162816K, 67% used [0x00000006c0000000,0x00000006c6ab0de0,0x00000006c9f00000)
 Metaspace       used 6664K, capacity 7320K, committed 7680K, reserved 1056768K
  class space    used 635K, capacity 656K, committed 768K, reserved 1048576K
}
Event: 7.495 GC heap before
{Heap before GC invocations=11 (full 1):
 PSYoungGen      total 499712K, used 499692K [0x000000076ab00000, 0x000000078ed80000, 0x00000007c0000000)
  eden space 445952K, 100% used [0x000000076ab00000,0x0000000785e80000,0x0000000785e80000)
  from space 53760K, 99% used [0x0000000787e00000,0x000000078b27b028,0x000000078b280000)
  to   space 60416K, 0% used [0x000000078b280000,0x000000078b280000,0x000000078ed80000)
 ParOldGen       total 162816K, used 109251K [0x00000006c0000000, 0x00000006c9f00000, 0x000000076ab00000)
  object space 162816K, 67% used [0x00000006c0000000,0x00000006c6ab0de0,0x00000006c9f00000)
 Metaspace       used 6672K, capacity 7320K, committed 7680K, reserved 1056768K
  class space    used 635K, capacity 656K, committed 768K, reserved 1048576K
Event: 7.704 GC heap after
Heap after GC invocations=11 (full 1):
 PSYoungGen      total 489472K, used 60391K [0x000000076ab00000, 0x000000079a100000, 0x00000007c0000000)
  eden space 429056K, 0% used [0x000000076ab00000,0x000000076ab00000,0x0000000784e00000)
  from space 60416K, 99% used [0x000000078b280000,0x000000078ed79fb8,0x000000078ed80000)
  to   space 102912K, 0% used [0x0000000784e00000,0x0000000784e00000,0x000000078b280000)
 ParOldGen       total 168448K, used 168359K [0x00000006c0000000, 0x00000006ca480000, 0x000000076ab00000)
  object space 168448K, 99% used [0x00000006c0000000,0x00000006ca469ed8,0x00000006ca480000)
 Metaspace       used 6672K, capacity 7320K, committed 7680K, reserved 1056768K
  class space    used 635K, capacity 656K, committed 768K, reserved 1048576K
}
Event: 7.704 GC heap before
{Heap before GC invocations=12 (full 2):
 PSYoungGen      total 489472K, used 60391K [0x000000076ab00000, 0x000000079a100000, 0x00000007c0000000)
  eden space 429056K, 0% used [0x000000076ab00000,0x000000076ab00000,0x0000000784e00000)
  from space 60416K, 99% used [0x000000078b280000,0x000000078ed79fb8,0x000000078ed80000)
  to   space 102912K, 0% used [0x0000000784e00000,0x0000000784e00000,0x000000078b280000)
 ParOldGen       total 168448K, used 168359K [0x00000006c0000000, 0x00000006ca480000, 0x000000076ab00000)
  object space 168448K, 99% used [0x00000006c0000000,0x00000006ca469ed8,0x00000006ca480000)
 Metaspace       used 6672K, capacity 7320K, committed 7680K, reserved 1056768K
  class space    used 635K, capacity 656K, committed 768K, reserved 1048576K

