# JRE version: Java(TM) SE Runtime Environment (8.0_111-b14) (build 1.8.0_111-b14)
# Java VM: Java HotSpot(TM) 64-Bit Server VM (25.111-b14 mixed mode linux-amd64 compressed oops)
Heap:
 PSYoungGen      total 224768K, used 224711K [0x00000000eab00000, 0x0000000100000000, 0x0000000100000000)
  eden space 161792K, 100% used [0x00000000eab00000,0x00000000f4900000,0x00000000f4900000)
  from space 62976K, 99% used [0x00000000f4900000,0x00000000f8671e28,0x00000000f8680000)
  to   space 96256K, 76% used [0x00000000fa200000,0x00000000fea080d8,0x0000000100000000)
 ParOldGen       total 274432K, used 182252K [0x00000000c0000000, 0x00000000d0c00000, 0x00000000eab00000)
  object space 274432K, 66% used [0x00000000c0000000,0x00000000cb1fb238,0x00000000d0c00000)
 Metaspace       used 6703K, capacity 7320K, committed 7680K, reserved 1056768K
  class space    used 635K, capacity 656K, committed 768K, reserved 1048576K
GC Heap History (10 events):
Event: 6.435 GC heap after
Heap after GC invocations=11 (full 1):
 PSYoungGen      total 227840K, used 55802K [0x00000000eab00000, 0x0000000100000000, 0x0000000100000000)
  eden space 172032K, 0% used [0x00000000eab00000,0x00000000eab00000,0x00000000f5300000)
  from space 55808K, 99% used [0x00000000fc980000,0x00000000ffffe950,0x0000000100000000)
  to   space 88576K, 0% used [0x00000000f5300000,0x00000000f5300000,0x00000000fa980000)
 ParOldGen       total 162816K, used 126781K [0x00000000c0000000, 0x00000000c9f00000, 0x00000000eab00000)
  object space 162816K, 77% used [0x00000000c0000000,0x00000000c7bcf5a0,0x00000000c9f00000)
 Metaspace       used 6673K, capacity 7320K, committed 7680K, reserved 1056768K
  class space    used 635K, capacity 656K, committed 768K, reserved 1048576K
}
Event: 7.025 GC heap before
{Heap before GC invocations=12 (full 1):
 PSYoungGen      total 227840K, used 227834K [0x00000000eab00000, 0x0000000100000000, 0x0000000100000000)
  eden space 172032K, 100% used [0x00000000eab00000,0x00000000f5300000,0x00000000f5300000)
  from space 55808K, 99% used [0x00000000fc980000,0x00000000ffffe950,0x0000000100000000)
  to   space 88576K, 0% used [0x00000000f5300000,0x00000000f5300000,0x00000000fa980000)
 ParOldGen       total 162816K, used 126781K [0x00000000c0000000, 0x00000000c9f00000, 0x00000000eab00000)
  object space 162816K, 77% used [0x00000000c0000000,0x00000000c7bcf5a0,0x00000000c9f00000)
 Metaspace       used 6678K, capacity 7320K, committed 7680K, reserved 1056768K
  class space    used 635K, capacity 656K, committed 768K, reserved 1048576K
Event: 7.140 GC heap after
Heap after GC invocations=12 (full 1):
 PSYoungGen      total 239616K, used 67123K [0x00000000eab00000, 0x0000000100000000, 0x0000000100000000)
  eden space 172032K, 0% used [0x00000000eab00000,0x00000000eab00000,0x00000000f5300000)
  from space 67584K, 99% used [0x00000000f5300000,0x00000000f948cc58,0x00000000f9500000)
  to   space 95744K, 0% used [0x00000000fa280000,0x00000000fa280000,0x0000000100000000)
 ParOldGen       total 162816K, used 140982K [0x00000000c0000000, 0x00000000c9f00000, 0x00000000eab00000)
  object space 162816K, 86% used [0x00000000c0000000,0x00000000c89ada20,0x00000000c9f00000)
 Metaspace       used 6678K, capacity 7320K, committed 7680K, reserved 1056768K
  class space    used 635K, capacity 656K, committed 768K, reserved 1048576K
}
Event: 7.140 GC heap before
{Heap before GC invocations=13 (full 2):
 PSYoungGen      total 239616K, used 67123K [0x00000000eab00000, 0x0000000100000000, 0x0000000100000000)
  eden space 172032K, 0% used [0x00000000eab00000,0x00000000eab00000,0x00000000f5300000)
  from space 67584K, 99% used [0x00000000f5300000,0x00000000f948cc58,0x00000000f9500000)
  to   space 95744K, 0% used [0x00000000fa280000,0x00000000fa280000,0x0000000100000000)
 ParOldGen       total 162816K, used 140982K [0x00000000c0000000, 0x00000000c9f00000, 0x00000000eab00000)
  object space 162816K, 86% used [0x00000000c0000000,0x00000000c89ada20,0x00000000c9f00000)
 Metaspace       used 6678K, capacity 7320K, committed 7680K, reserved 1056768K
  class space    used 635K, capacity 656K, committed 768K, reserved 1048576K
Event: 8.064 GC heap after
Heap after GC invocations=13 (full 2):
 PSYoungGen      total 239616K, used 37196K [0x00000000eab00000, 0x0000000100000000, 0x0000000100000000)
  eden space 172032K, 0% used [0x00000000eab00000,0x00000000eab00000,0x00000000f5300000)
  from space 67584K, 55% used [0x00000000f5300000,0x00000000f77531d8,0x00000000f9500000)
  to   space 95744K, 0% used [0x00000000fa280000,0x00000000fa280000,0x0000000100000000)
 ParOldGen       total 274432K, used 162474K [0x00000000c0000000, 0x00000000d0c00000, 0x00000000eab00000)
  object space 274432K, 59% used [0x00000000c0000000,0x00000000c9eaa920,0x00000000d0c00000)
 Metaspace       used 6678K, capacity 7320K, committed 7680K, reserved 1056768K
  class space    used 635K, capacity 656K, committed 768K, reserved 1048576K
}
Event: 8.587 GC heap before
{Heap before GC invocations=14 (full 2):
 PSYoungGen      total 239616K, used 209228K [0x00000000eab00000, 0x0000000100000000, 0x0000000100000000)
  eden space 172032K, 100% used [0x00000000eab00000,0x00000000f5300000,0x00000000f5300000)
  from space 67584K, 55% used [0x00000000f5300000,0x00000000f77531d8,0x00000000f9500000)
  to   space 95744K, 0% used [0x00000000fa280000,0x00000000fa280000,0x0000000100000000)
 ParOldGen       total 274432K, used 162474K [0x00000000c0000000, 0x00000000d0c00000, 0x00000000eab00000)
  object space 274432K, 59% used [0x00000000c0000000,0x00000000c9eaa920,0x00000000d0c00000)
 Metaspace       used 6684K, capacity 7320K, committed 7680K, reserved 1056768K
  class space    used 635K, capacity 656K, committed 768K, reserved 1048576K
Event: 8.711 GC heap after
Heap after GC invocations=14 (full 2):
 PSYoungGen      total 257536K, used 40932K [0x00000000eab00000, 0x0000000100000000, 0x0000000100000000)
  eden space 161792K, 0% used [0x00000000eab00000,0x00000000eab00000,0x00000000f4900000)
  from space 95744K, 42% used [0x00000000fa280000,0x00000000fca79330,0x0000000100000000)
  to   space 91648K, 0% used [0x00000000f4900000,0x00000000f4900000,0x00000000fa280000)
 ParOldGen       total 274432K, used 182252K [0x00000000c0000000, 0x00000000d0c00000, 0x00000000eab00000)
  object space 274432K, 66% used [0x00000000c0000000,0x00000000cb1fb238,0x00000000d0c00000)
 Metaspace       used 6684K, capacity 7320K, committed 7680K, reserved 1056768K
  class space    used 635K, capacity 656K, committed 768K, reserved 1048576K
}
Event: 9.150 GC heap before
{Heap before GC invocations=15 (full 2):
 PSYoungGen      total 257536K, used 202724K [0x00000000eab00000, 0x0000000100000000, 0x0000000100000000)
  eden space 161792K, 100% used [0x00000000eab00000,0x00000000f4900000,0x00000000f4900000)
  from space 95744K, 42% used [0x00000000fa280000,0x00000000fca79330,0x0000000100000000)
  to   space 91648K, 0% used [0x00000000f4900000,0x00000000f4900000,0x00000000fa280000)
 ParOldGen       total 274432K, used 182252K [0x00000000c0000000, 0x00000000d0c00000, 0x00000000eab00000)
  object space 274432K, 66% used [0x00000000c0000000,0x00000000cb1fb238,0x00000000d0c00000)
 Metaspace       used 6699K, capacity 7320K, committed 7680K, reserved 1056768K
  class space    used 635K, capacity 656K, committed 768K, reserved 1048576K
Event: 9.222 GC heap after
Heap after GC invocations=15 (full 2):
 PSYoungGen      total 224768K, used 62919K [0x00000000eab00000, 0x0000000100000000, 0x0000000100000000)
  eden space 161792K, 0% used [0x00000000eab00000,0x00000000eab00000,0x00000000f4900000)
  from space 62976K, 99% used [0x00000000f4900000,0x00000000f8671e28,0x00000000f8680000)
  to   space 96256K, 0% used [0x00000000fa200000,0x00000000fa200000,0x0000000100000000)
 ParOldGen       total 274432K, used 182252K [0x00000000c0000000, 0x00000000d0c00000, 0x00000000eab00000)
  object space 274432K, 66% used [0x00000000c0000000,0x00000000cb1fb238,0x00000000d0c00000)
 Metaspace       used 6699K, capacity 7320K, committed 7680K, reserved 1056768K
  class space    used 635K, capacity 656K, committed 768K, reserved 1048576K
}
Event: 9.712 GC heap before
{Heap before GC invocations=16 (full 2):
 PSYoungGen      total 224768K, used 224711K [0x00000000eab00000, 0x0000000100000000, 0x0000000100000000)
  eden space 161792K, 100% used [0x00000000eab00000,0x00000000f4900000,0x00000000f4900000)
  from space 62976K, 99% used [0x00000000f4900000,0x00000000f8671e28,0x00000000f8680000)
  to   space 96256K, 0% used [0x00000000fa200000,0x00000000fa200000,0x0000000100000000)
 ParOldGen       total 274432K, used 182252K [0x00000000c0000000, 0x00000000d0c00000, 0x00000000eab00000)
  object space 274432K, 66% used [0x00000000c0000000,0x00000000cb1fb238,0x00000000d0c00000)
 Metaspace       used 6703K, capacity 7320K, committed 7680K, reserved 1056768K
  class space    used 635K, capacity 656K, committed 768K, reserved 1048576K

