# JRE version: Java(TM) SE Runtime Environment (8.0_111-b14) (build 1.8.0_111-b14)
# Java VM: Java HotSpot(TM) 64-Bit Server VM (25.111-b14 mixed mode linux-amd64 compressed oops)
Heap:
 PSYoungGen      total 232960K, used 19730K [0x00000000eab00000, 0x0000000100000000, 0x0000000100000000)
  eden space 116736K, 0% used [0x00000000eab00000,0x00000000eab00000,0x00000000f1d00000)
  from space 116224K, 16% used [0x00000000f8e80000,0x00000000fa1c4998,0x0000000100000000)
  to   space 116224K, 0% used [0x00000000f1d00000,0x00000000f1d00000,0x00000000f8e80000)
 ParOldGen       total 418816K, used 386958K [0x00000000c0000000, 0x00000000d9900000, 0x00000000eab00000)
  object space 418816K, 92% used [0x00000000c0000000,0x00000000d79e3b50,0x00000000d9900000)
 Metaspace       used 6685K, capacity 7320K, committed 7680K, reserved 1056768K
  class space    used 635K, capacity 656K, committed 768K, reserved 1048576K
GC Heap History (10 events):
Event: 14.137 GC heap after
Heap after GC invocations=21 (full 3):
 PSYoungGen      total 232960K, used 34518K [0x00000000eab00000, 0x0000000100000000, 0x0000000100000000)
  eden space 116736K, 0% used [0x00000000eab00000,0x00000000eab00000,0x00000000f1d00000)
  from space 116224K, 29% used [0x00000000f8e80000,0x00000000fb035b80,0x0000000100000000)
  to   space 116224K, 0% used [0x00000000f1d00000,0x00000000f1d00000,0x00000000f8e80000)
 ParOldGen       total 418816K, used 303654K [0x00000000c0000000, 0x00000000d9900000, 0x00000000eab00000)
  object space 418816K, 72% used [0x00000000c0000000,0x00000000d2889ac0,0x00000000d9900000)
 Metaspace       used 6682K, capacity 7320K, committed 7680K, reserved 1056768K
  class space    used 634K, capacity 656K, committed 768K, reserved 1048576K
}
Event: 14.443 GC heap before
{Heap before GC invocations=22 (full 3):
 PSYoungGen      total 232960K, used 151254K [0x00000000eab00000, 0x0000000100000000, 0x0000000100000000)
  eden space 116736K, 100% used [0x00000000eab00000,0x00000000f1d00000,0x00000000f1d00000)
  from space 116224K, 29% used [0x00000000f8e80000,0x00000000fb035b80,0x0000000100000000)
  to   space 116224K, 0% used [0x00000000f1d00000,0x00000000f1d00000,0x00000000f8e80000)
 ParOldGen       total 418816K, used 303654K [0x00000000c0000000, 0x00000000d9900000, 0x00000000eab00000)
  object space 418816K, 72% used [0x00000000c0000000,0x00000000d2889ac0,0x00000000d9900000)
 Metaspace       used 6682K, capacity 7320K, committed 7680K, reserved 1056768K
  class space    used 634K, capacity 656K, committed 768K, reserved 1048576K
Event: 14.519 GC heap after
Heap after GC invocations=22 (full 3):
 PSYoungGen      total 232960K, used 17440K [0x00000000eab00000, 0x0000000100000000, 0x0000000100000000)
  eden space 116736K, 0% used [0x00000000eab00000,0x00000000eab00000,0x00000000f1d00000)
  from space 116224K, 15% used [0x00000000f1d00000,0x00000000f2e08000,0x00000000f8e80000)
  to   space 116224K, 0% used [0x00000000f8e80000,0x00000000f8e80000,0x0000000100000000)
 ParOldGen       total 418816K, used 337403K [0x00000000c0000000, 0x00000000d9900000, 0x00000000eab00000)
  object space 418816K, 80% used [0x00000000c0000000,0x00000000d497ec80,0x00000000d9900000)
 Metaspace       used 6682K, capacity 7320K, committed 7680K, reserved 1056768K
  class space    used 634K, capacity 656K, committed 768K, reserved 1048576K
}
Event: 14.845 GC heap before
{Heap before GC invocations=23 (full 3):
 PSYoungGen      total 232960K, used 134176K [0x00000000eab00000, 0x0000000100000000, 0x0000000100000000)
  eden space 116736K, 100% used [0x00000000eab00000,0x00000000f1d00000,0x00000000f1d00000)
  from space 116224K, 15% used [0x00000000f1d00000,0x00000000f2e08000,0x00000000f8e80000)
  to   space 116224K, 0% used [0x00000000f8e80000,0x00000000f8e80000,0x0000000100000000)
 ParOldGen       total 418816K, used 337403K [0x00000000c0000000, 0x00000000d9900000, 0x00000000eab00000)
  object space 418816K, 80% used [0x00000000c0000000,0x00000000d497ec80,0x00000000d9900000)
 Metaspace       used 6682K, capacity 7320K, committed 7680K, reserved 1056768K
  class space    used 634K, capacity 656K, committed 768K, reserved 1048576K
Event: 14.897 GC heap after
Heap after GC invocations=23 (full 3):
 PSYoungGen      total 232960K, used 18708K [0x00000000eab00000, 0x0000000100000000, 0x0000000100000000)
  eden space 116736K, 0% used [0x00000000eab00000,0x00000000eab00000,0x00000000f1d00000)
  from space 116224K, 16% used [0x00000000f8e80000,0x00000000fa0c5090,0x0000000100000000)
  to   space 116224K, 0% used [0x00000000f1d00000,0x00000000f1d00000,0x00000000f8e80000)
 ParOldGen       total 418816K, used 354250K [0x00000000c0000000, 0x00000000d9900000, 0x00000000eab00000)
  object space 418816K, 84% used [0x00000000c0000000,0x00000000d59f28b0,0x00000000d9900000)
 Metaspace       used 6682K, capacity 7320K, committed 7680K, reserved 1056768K
  class space    used 634K, capacity 656K, committed 768K, reserved 1048576K
}
Event: 15.228 GC heap before
{Heap before GC invocations=24 (full 3):
 PSYoungGen      total 232960K, used 135444K [0x00000000eab00000, 0x0000000100000000, 0x0000000100000000)
  eden space 116736K, 100% used [0x00000000eab00000,0x00000000f1d00000,0x00000000f1d00000)
  from space 116224K, 16% used [0x00000000f8e80000,0x00000000fa0c5090,0x0000000100000000)
  to   space 116224K, 0% used [0x00000000f1d00000,0x00000000f1d00000,0x00000000f8e80000)
 ParOldGen       total 418816K, used 354250K [0x00000000c0000000, 0x00000000d9900000, 0x00000000eab00000)
  object space 418816K, 84% used [0x00000000c0000000,0x00000000d59f28b0,0x00000000d9900000)
 Metaspace       used 6683K, capacity 7320K, committed 7680K, reserved 1056768K
  class space    used 634K, capacity 656K, committed 768K, reserved 1048576K
Event: 15.278 GC heap after
Heap after GC invocations=24 (full 3):
 PSYoungGen      total 232960K, used 16439K [0x00000000eab00000, 0x0000000100000000, 0x0000000100000000)
  eden space 116736K, 0% used [0x00000000eab00000,0x00000000eab00000,0x00000000f1d00000)
  from space 116224K, 14% used [0x00000000f1d00000,0x00000000f2d0dea0,0x00000000f8e80000)
  to   space 116224K, 0% used [0x00000000f8e80000,0x00000000f8e80000,0x0000000100000000)
 ParOldGen       total 418816K, used 371331K [0x00000000c0000000, 0x00000000d9900000, 0x00000000eab00000)
  object space 418816K, 88% used [0x00000000c0000000,0x00000000d6aa0c08,0x00000000d9900000)
 Metaspace       used 6683K, capacity 7320K, committed 7680K, reserved 1056768K
  class space    used 634K, capacity 656K, committed 768K, reserved 1048576K
}
Event: 15.630 GC heap before
{Heap before GC invocations=25 (full 3):
 PSYoungGen      total 232960K, used 133175K [0x00000000eab00000, 0x0000000100000000, 0x0000000100000000)
  eden space 116736K, 100% used [0x00000000eab00000,0x00000000f1d00000,0x00000000f1d00000)
  from space 116224K, 14% used [0x00000000f1d00000,0x00000000f2d0dea0,0x00000000f8e80000)
  to   space 116224K, 0% used [0x00000000f8e80000,0x00000000f8e80000,0x0000000100000000)
 ParOldGen       total 418816K, used 371331K [0x00000000c0000000, 0x00000000d9900000, 0x00000000eab00000)
  object space 418816K, 88% used [0x00000000c0000000,0x00000000d6aa0c08,0x00000000d9900000)
 Metaspace       used 6685K, capacity 7320K, committed 7680K, reserved 1056768K
  class space    used 635K, capacity 656K, committed 768K, reserved 1048576K
Event: 15.689 GC heap after
Heap after GC invocations=25 (full 3):
 PSYoungGen      total 232960K, used 19730K [0x00000000eab00000, 0x0000000100000000, 0x0000000100000000)
  eden space 116736K, 0% used [0x00000000eab00000,0x00000000eab00000,0x00000000f1d00000)
  from space 116224K, 16% used [0x00000000f8e80000,0x00000000fa1c4998,0x0000000100000000)
  to   space 116224K, 0% used [0x00000000f1d00000,0x00000000f1d00000,0x00000000f8e80000)
 ParOldGen       total 418816K, used 386958K [0x00000000c0000000, 0x00000000d9900000, 0x00000000eab00000)
  object space 418816K, 92% used [0x00000000c0000000,0x00000000d79e3b50,0x00000000d9900000)
 Metaspace       used 6685K, capacity 7320K, committed 7680K, reserved 1056768K
  class space    used 635K, capacity 656K, committed 768K, reserved 1048576K
}
Event: 15.689 GC heap before
{Heap before GC invocations=26 (full 4):
 PSYoungGen      total 232960K, used 19730K [0x00000000eab00000, 0x0000000100000000, 0x0000000100000000)
  eden space 116736K, 0% used [0x00000000eab00000,0x00000000eab00000,0x00000000f1d00000)
  from space 116224K, 16% used [0x00000000f8e80000,0x00000000fa1c4998,0x0000000100000000)
  to   space 116224K, 0% used [0x00000000f1d00000,0x00000000f1d00000,0x00000000f8e80000)
 ParOldGen       total 418816K, used 386958K [0x00000000c0000000, 0x00000000d9900000, 0x00000000eab00000)
  object space 418816K, 92% used [0x00000000c0000000,0x00000000d79e3b50,0x00000000d9900000)
 Metaspace       used 6685K, capacity 7320K, committed 7680K, reserved 1056768K
  class space    used 635K, capacity 656K, committed 768K, reserved 1048576K

