# JRE version: Java(TM) SE Runtime Environment (8.0_111-b14) (build 1.8.0_111-b14)
# Java VM: Java HotSpot(TM) 64-Bit Server VM (25.111-b14 mixed mode linux-amd64 compressed oops)
Heap:
 PSYoungGen      total 728064K, used 235822K [0x000000076ab00000, 0x00000007a9280000, 0x00000007c0000000)
  eden space 559616K, 12% used [0x000000076ab00000,0x000000076ecce8c0,0x000000078cd80000)
  from space 168448K, 99% used [0x0000000799880000,0x00000007a3cfd1f8,0x00000007a3d00000)
  to   space 207872K, 0% used [0x000000078cd80000,0x000000078cd80000,0x0000000799880000)
 ParOldGen       total 457728K, used 315977K [0x00000006c0000000, 0x00000006dbf00000, 0x000000076ab00000)
  object space 457728K, 69% used [0x00000006c0000000,0x00000006d34927b8,0x00000006dbf00000)
 Metaspace       used 6823K, capacity 7384K, committed 7680K, reserved 1056768K
  class space    used 642K, capacity 656K, committed 768K, reserved 1048576K
GC Heap History (10 events):
Event: 10.212 GC heap before
{Heap before GC invocations=13 (full 2):
 PSYoungGen      total 508928K, used 496862K [0x000000076ab00000, 0x000000079c600000, 0x00000007c0000000)
  eden space 432640K, 100% used [0x000000076ab00000,0x0000000785180000,0x0000000785180000)
  from space 76288K, 84% used [0x000000078ba00000,0x000000078f8b7998,0x0000000790480000)
  to   space 107008K, 0% used [0x0000000785180000,0x0000000785180000,0x000000078ba00000)
 ParOldGen       total 287744K, used 162064K [0x00000006c0000000, 0x00000006d1900000, 0x000000076ab00000)
  object space 287744K, 56% used [0x00000006c0000000,0x00000006c9e441c8,0x00000006d1900000)
 Metaspace       used 6696K, capacity 7320K, committed 7680K, reserved 1056768K
  class space    used 635K, capacity 656K, committed 768K, reserved 1048576K
Event: 10.425 GC heap after
Heap after GC invocations=13 (full 2):
 PSYoungGen      total 539648K, used 106997K [0x000000076ab00000, 0x000000079ae80000, 0x00000007c0000000)
  eden space 432640K, 0% used [0x000000076ab00000,0x000000076ab00000,0x0000000785180000)
  from space 107008K, 99% used [0x0000000785180000,0x000000078b9fd780,0x000000078ba00000)
  to   space 133120K, 0% used [0x0000000792c80000,0x0000000792c80000,0x000000079ae80000)
 ParOldGen       total 287744K, used 181661K [0x00000006c0000000, 0x00000006d1900000, 0x000000076ab00000)
  object space 287744K, 63% used [0x00000006c0000000,0x00000006cb167610,0x00000006d1900000)
 Metaspace       used 6696K, capacity 7320K, committed 7680K, reserved 1056768K
  class space    used 635K, capacity 656K, committed 768K, reserved 1048576K
}
Event: 11.732 GC heap before
{Heap before GC invocations=14 (full 2):
 PSYoungGen      total 539648K, used 539637K [0x000000076ab00000, 0x000000079ae80000, 0x00000007c0000000)
  eden space 432640K, 100% used [0x000000076ab00000,0x0000000785180000,0x0000000785180000)
  from space 107008K, 99% used [0x0000000785180000,0x000000078b9fd780,0x000000078ba00000)
  to   space 133120K, 0% used [0x0000000792c80000,0x0000000792c80000,0x000000079ae80000)
 ParOldGen       total 287744K, used 181661K [0x00000006c0000000, 0x00000006d1900000, 0x000000076ab00000)
  object space 287744K, 63% used [0x00000006c0000000,0x00000006cb167610,0x00000006d1900000)
 Metaspace       used 6701K, capacity 7320K, committed 7680K, reserved 1056768K
  class space    used 635K, capacity 656K, committed 768K, reserved 1048576K
Event: 11.983 GC heap after
Heap after GC invocations=14 (full 2):
 PSYoungGen      total 639488K, used 116410K [0x000000076ab00000, 0x000000079da00000, 0x00000007c0000000)
  eden space 506368K, 0% used [0x000000076ab00000,0x000000076ab00000,0x0000000789980000)
  from space 133120K, 87% used [0x0000000792c80000,0x0000000799e2e850,0x000000079ae80000)
  to   space 150528K, 0% used [0x0000000789980000,0x0000000789980000,0x0000000792c80000)
 ParOldGen       total 287744K, used 235910K [0x00000006c0000000, 0x00000006d1900000, 0x000000076ab00000)
  object space 287744K, 81% used [0x00000006c0000000,0x00000006ce661808,0x00000006d1900000)
 Metaspace       used 6701K, capacity 7320K, committed 7680K, reserved 1056768K
  class space    used 635K, capacity 656K, committed 768K, reserved 1048576K
}
Event: 11.983 GC heap before
{Heap before GC invocations=15 (full 3):
 PSYoungGen      total 639488K, used 116410K [0x000000076ab00000, 0x000000079da00000, 0x00000007c0000000)
  eden space 506368K, 0% used [0x000000076ab00000,0x000000076ab00000,0x0000000789980000)
  from space 133120K, 87% used [0x0000000792c80000,0x0000000799e2e850,0x000000079ae80000)
  to   space 150528K, 0% used [0x0000000789980000,0x0000000789980000,0x0000000792c80000)
 ParOldGen       total 287744K, used 235910K [0x00000006c0000000, 0x00000006d1900000, 0x000000076ab00000)
  object space 287744K, 81% used [0x00000006c0000000,0x00000006ce661808,0x00000006d1900000)
 Metaspace       used 6701K, capacity 7320K, committed 7680K, reserved 1056768K
  class space    used 635K, capacity 656K, committed 768K, reserved 1048576K
Event: 13.586 GC heap after
Heap after GC invocations=15 (full 3):
 PSYoungGen      total 639488K, used 57064K [0x000000076ab00000, 0x000000079da00000, 0x00000007c0000000)
  eden space 506368K, 0% used [0x000000076ab00000,0x000000076ab00000,0x0000000789980000)
  from space 133120K, 42% used [0x0000000792c80000,0x000000079643a3d8,0x000000079ae80000)
  to   space 150528K, 0% used [0x0000000789980000,0x0000000789980000,0x0000000792c80000)
 ParOldGen       total 457728K, used 287457K [0x00000006c0000000, 0x00000006dbf00000, 0x000000076ab00000)
  object space 457728K, 62% used [0x00000006c0000000,0x00000006d18b8790,0x00000006dbf00000)
 Metaspace       used 6701K, capacity 7320K, committed 7680K, reserved 1056768K
  class space    used 635K, capacity 656K, committed 768K, reserved 1048576K
}
Event: 15.175 GC heap before
{Heap before GC invocations=16 (full 3):
 PSYoungGen      total 639488K, used 563432K [0x000000076ab00000, 0x000000079da00000, 0x00000007c0000000)
  eden space 506368K, 100% used [0x000000076ab00000,0x0000000789980000,0x0000000789980000)
  from space 133120K, 42% used [0x0000000792c80000,0x000000079643a3d8,0x000000079ae80000)
  to   space 150528K, 0% used [0x0000000789980000,0x0000000789980000,0x0000000792c80000)
 ParOldGen       total 457728K, used 287457K [0x00000006c0000000, 0x00000006dbf00000, 0x000000076ab00000)
  object space 457728K, 62% used [0x00000006c0000000,0x00000006d18b8790,0x00000006dbf00000)
 Metaspace       used 6711K, capacity 7320K, committed 7680K, reserved 1056768K
  class space    used 636K, capacity 656K, committed 768K, reserved 1048576K
Event: 15.410 GC heap after
Heap after GC invocations=16 (full 3):
 PSYoungGen      total 656896K, used 128569K [0x000000076ab00000, 0x00000007a3d00000, 0x00000007c0000000)
  eden space 506368K, 0% used [0x000000076ab00000,0x000000076ab00000,0x0000000789980000)
  from space 150528K, 85% used [0x0000000789980000,0x000000079170e768,0x0000000792c80000)
  to   space 168448K, 0% used [0x0000000799880000,0x0000000799880000,0x00000007a3d00000)
 ParOldGen       total 457728K, used 287457K [0x00000006c0000000, 0x00000006dbf00000, 0x000000076ab00000)
  object space 457728K, 62% used [0x00000006c0000000,0x00000006d18b8790,0x00000006dbf00000)
 Metaspace       used 6711K, capacity 7320K, committed 7680K, reserved 1056768K
  class space    used 636K, capacity 656K, committed 768K, reserved 1048576K
}
Event: 16.813 GC heap before
{Heap before GC invocations=17 (full 3):
 PSYoungGen      total 656896K, used 634937K [0x000000076ab00000, 0x00000007a3d00000, 0x00000007c0000000)
  eden space 506368K, 100% used [0x000000076ab00000,0x0000000789980000,0x0000000789980000)
  from space 150528K, 85% used [0x0000000789980000,0x000000079170e768,0x0000000792c80000)
  to   space 168448K, 0% used [0x0000000799880000,0x0000000799880000,0x00000007a3d00000)
 ParOldGen       total 457728K, used 287457K [0x00000006c0000000, 0x00000006dbf00000, 0x000000076ab00000)
  object space 457728K, 62% used [0x00000006c0000000,0x00000006d18b8790,0x00000006dbf00000)
 Metaspace       used 6712K, capacity 7320K, committed 7680K, reserved 1056768K
  class space    used 637K, capacity 656K, committed 768K, reserved 1048576K
Event: 17.075 GC heap after
Heap after GC invocations=17 (full 3):
 PSYoungGen      total 728064K, used 168436K [0x000000076ab00000, 0x00000007a9280000, 0x00000007c0000000)
  eden space 559616K, 0% used [0x000000076ab00000,0x000000076ab00000,0x000000078cd80000)
  from space 168448K, 99% used [0x0000000799880000,0x00000007a3cfd1f8,0x00000007a3d00000)
  to   space 207872K, 0% used [0x000000078cd80000,0x000000078cd80000,0x0000000799880000)
 ParOldGen       total 457728K, used 315977K [0x00000006c0000000, 0x00000006dbf00000, 0x000000076ab00000)
  object space 457728K, 69% used [0x00000006c0000000,0x00000006d34927b8,0x00000006dbf00000)
 Metaspace       used 6712K, capacity 7320K, committed 7680K, reserved 1056768K
  class space    used 637K, capacity 656K, committed 768K, reserved 1048576K
}

