# JRE version: Java(TM) SE Runtime Environment (8.0_111-b14) (build 1.8.0_111-b14)
# Java VM: Java HotSpot(TM) 64-Bit Server VM (25.111-b14 mixed mode linux-amd64 compressed oops)
Heap:
 PSYoungGen      total 292352K, used 292324K [0x00000000eab00000, 0x0000000100000000, 0x0000000100000000)
  eden space 235520K, 100% used [0x00000000eab00000,0x00000000f9100000,0x00000000f9100000)
  from space 56832K, 99% used [0x00000000f9100000,0x00000000fc879308,0x00000000fc880000)
  to   space 56832K, 99% used [0x00000000fc880000,0x00000000ffffa050,0x0000000100000000)
 ParOldGen       total 161280K, used 115468K [0x00000000c0000000, 0x00000000c9d80000, 0x00000000eab00000)
  object space 161280K, 71% used [0x00000000c0000000,0x00000000c70c32a0,0x00000000c9d80000)
 Metaspace       used 6670K, capacity 7320K, committed 7680K, reserved 1056768K
  class space    used 634K, capacity 656K, committed 768K, reserved 1048576K
GC Heap History (10 events):
Event: 2.574 GC heap after
Heap after GC invocations=6 (full 0):
 PSYoungGen      total 276480K, used 22599K [0x00000000eab00000, 0x00000000fdf00000, 0x0000000100000000)
  eden space 249856K, 0% used [0x00000000eab00000,0x00000000eab00000,0x00000000f9f00000)
  from space 26624K, 84% used [0x00000000fbd00000,0x00000000fd311f38,0x00000000fd700000)
  to   space 30720K, 0% used [0x00000000f9f00000,0x00000000f9f00000,0x00000000fbd00000)
 ParOldGen       total 84992K, used 34223K [0x00000000c0000000, 0x00000000c5300000, 0x00000000eab00000)
  object space 84992K, 40% used [0x00000000c0000000,0x00000000c216bf30,0x00000000c5300000)
 Metaspace       used 6416K, capacity 7192K, committed 7424K, reserved 1056768K
  class space    used 633K, capacity 656K, committed 768K, reserved 1048576K
}
Event: 3.475 GC heap before
{Heap before GC invocations=7 (full 0):
 PSYoungGen      total 276480K, used 272455K [0x00000000eab00000, 0x00000000fdf00000, 0x0000000100000000)
  eden space 249856K, 100% used [0x00000000eab00000,0x00000000f9f00000,0x00000000f9f00000)
  from space 26624K, 84% used [0x00000000fbd00000,0x00000000fd311f38,0x00000000fd700000)
  to   space 30720K, 0% used [0x00000000f9f00000,0x00000000f9f00000,0x00000000fbd00000)
 ParOldGen       total 84992K, used 34223K [0x00000000c0000000, 0x00000000c5300000, 0x00000000eab00000)
  object space 84992K, 40% used [0x00000000c0000000,0x00000000c216bf30,0x00000000c5300000)
 Metaspace       used 6573K, capacity 7256K, committed 7424K, reserved 1056768K
  class space    used 633K, capacity 656K, committed 768K, reserved 1048576K
Event: 3.582 GC heap after
Heap after GC invocations=7 (full 0):
 PSYoungGen      total 280576K, used 30701K [0x00000000eab00000, 0x0000000100000000, 0x0000000100000000)
  eden space 249856K, 0% used [0x00000000eab00000,0x00000000eab00000,0x00000000f9f00000)
  from space 30720K, 99% used [0x00000000f9f00000,0x00000000fbcfb728,0x00000000fbd00000)
  to   space 51200K, 0% used [0x00000000fce00000,0x00000000fce00000,0x0000000100000000)
 ParOldGen       total 84992K, used 61380K [0x00000000c0000000, 0x00000000c5300000, 0x00000000eab00000)
  object space 84992K, 72% used [0x00000000c0000000,0x00000000c3bf11a0,0x00000000c5300000)
 Metaspace       used 6573K, capacity 7256K, committed 7424K, reserved 1056768K
  class space    used 633K, capacity 656K, committed 768K, reserved 1048576K
}
Event: 3.582 GC heap before
{Heap before GC invocations=8 (full 1):
 PSYoungGen      total 280576K, used 30701K [0x00000000eab00000, 0x0000000100000000, 0x0000000100000000)
  eden space 249856K, 0% used [0x00000000eab00000,0x00000000eab00000,0x00000000f9f00000)
  from space 30720K, 99% used [0x00000000f9f00000,0x00000000fbcfb728,0x00000000fbd00000)
  to   space 51200K, 0% used [0x00000000fce00000,0x00000000fce00000,0x0000000100000000)
 ParOldGen       total 84992K, used 61380K [0x00000000c0000000, 0x00000000c5300000, 0x00000000eab00000)
  object space 84992K, 72% used [0x00000000c0000000,0x00000000c3bf11a0,0x00000000c5300000)
 Metaspace       used 6573K, capacity 7256K, committed 7424K, reserved 1056768K
  class space    used 633K, capacity 656K, committed 768K, reserved 1048576K
Event: 4.004 GC heap after
Heap after GC invocations=8 (full 1):
 PSYoungGen      total 280576K, used 3558K [0x00000000eab00000, 0x0000000100000000, 0x0000000100000000)
  eden space 249856K, 0% used [0x00000000eab00000,0x00000000eab00000,0x00000000f9f00000)
  from space 30720K, 11% used [0x00000000f9f00000,0x00000000fa279b20,0x00000000fbd00000)
  to   space 51200K, 0% used [0x00000000fce00000,0x00000000fce00000,0x0000000100000000)
 ParOldGen       total 161280K, used 84541K [0x00000000c0000000, 0x00000000c9d80000, 0x00000000eab00000)
  object space 161280K, 52% used [0x00000000c0000000,0x00000000c528f608,0x00000000c9d80000)
 Metaspace       used 6573K, capacity 7256K, committed 7424K, reserved 1056768K
  class space    used 633K, capacity 656K, committed 768K, reserved 1048576K
}
Event: 4.859 GC heap before
{Heap before GC invocations=9 (full 1):
 PSYoungGen      total 280576K, used 253414K [0x00000000eab00000, 0x0000000100000000, 0x0000000100000000)
  eden space 249856K, 100% used [0x00000000eab00000,0x00000000f9f00000,0x00000000f9f00000)
  from space 30720K, 11% used [0x00000000f9f00000,0x00000000fa279b20,0x00000000fbd00000)
  to   space 51200K, 0% used [0x00000000fce00000,0x00000000fce00000,0x0000000100000000)
 ParOldGen       total 161280K, used 84541K [0x00000000c0000000, 0x00000000c9d80000, 0x00000000eab00000)
  object space 161280K, 52% used [0x00000000c0000000,0x00000000c528f608,0x00000000c9d80000)
 Metaspace       used 6627K, capacity 7256K, committed 7424K, reserved 1056768K
  class space    used 634K, capacity 656K, committed 768K, reserved 1048576K
Event: 4.933 GC heap after
Heap after GC invocations=9 (full 1):
 PSYoungGen      total 286720K, used 41204K [0x00000000eab00000, 0x0000000100000000, 0x0000000100000000)
  eden space 235520K, 0% used [0x00000000eab00000,0x00000000eab00000,0x00000000f9100000)
  from space 51200K, 80% used [0x00000000fce00000,0x00000000ff63d180,0x0000000100000000)
  to   space 56832K, 0% used [0x00000000f9100000,0x00000000f9100000,0x00000000fc880000)
 ParOldGen       total 161280K, used 84541K [0x00000000c0000000, 0x00000000c9d80000, 0x00000000eab00000)
  object space 161280K, 52% used [0x00000000c0000000,0x00000000c528f608,0x00000000c9d80000)
 Metaspace       used 6627K, capacity 7256K, committed 7424K, reserved 1056768K
  class space    used 634K, capacity 656K, committed 768K, reserved 1048576K
}
Event: 5.621 GC heap before
{Heap before GC invocations=10 (full 1):
 PSYoungGen      total 286720K, used 276724K [0x00000000eab00000, 0x0000000100000000, 0x0000000100000000)
  eden space 235520K, 100% used [0x00000000eab00000,0x00000000f9100000,0x00000000f9100000)
  from space 51200K, 80% used [0x00000000fce00000,0x00000000ff63d180,0x0000000100000000)
  to   space 56832K, 0% used [0x00000000f9100000,0x00000000f9100000,0x00000000fc880000)
 ParOldGen       total 161280K, used 84541K [0x00000000c0000000, 0x00000000c9d80000, 0x00000000eab00000)
  object space 161280K, 52% used [0x00000000c0000000,0x00000000c528f608,0x00000000c9d80000)
 Metaspace       used 6667K, capacity 7320K, committed 7680K, reserved 1056768K
  class space    used 634K, capacity 656K, committed 768K, reserved 1048576K
Event: 5.713 GC heap after
Heap after GC invocations=10 (full 1):
 PSYoungGen      total 292352K, used 56804K [0x00000000eab00000, 0x0000000100000000, 0x0000000100000000)
  eden space 235520K, 0% used [0x00000000eab00000,0x00000000eab00000,0x00000000f9100000)
  from space 56832K, 99% used [0x00000000f9100000,0x00000000fc879308,0x00000000fc880000)
  to   space 56832K, 0% used [0x00000000fc880000,0x00000000fc880000,0x0000000100000000)
 ParOldGen       total 161280K, used 90518K [0x00000000c0000000, 0x00000000c9d80000, 0x00000000eab00000)
  object space 161280K, 56% used [0x00000000c0000000,0x00000000c5865a90,0x00000000c9d80000)
 Metaspace       used 6667K, capacity 7320K, committed 7680K, reserved 1056768K
  class space    used 634K, capacity 656K, committed 768K, reserved 1048576K
}
Event: 6.610 GC heap before
{Heap before GC invocations=11 (full 1):
 PSYoungGen      total 292352K, used 292324K [0x00000000eab00000, 0x0000000100000000, 0x0000000100000000)
  eden space 235520K, 100% used [0x00000000eab00000,0x00000000f9100000,0x00000000f9100000)
  from space 56832K, 99% used [0x00000000f9100000,0x00000000fc879308,0x00000000fc880000)
  to   space 56832K, 0% used [0x00000000fc880000,0x00000000fc880000,0x0000000100000000)
 ParOldGen       total 161280K, used 90518K [0x00000000c0000000, 0x00000000c9d80000, 0x00000000eab00000)
  object space 161280K, 56% used [0x00000000c0000000,0x00000000c5865a90,0x00000000c9d80000)
 Metaspace       used 6670K, capacity 7320K, committed 7680K, reserved 1056768K
  class space    used 634K, capacity 656K, committed 768K, reserved 1048576K

